<?xml version="1.0" encoding="UTF-8"?>
<!-- Generated by org.testng.reporters.JUnitXMLReporter -->
<testsuite ignored="0" hostname="DESKTOP-SFHPHUE" failures="1" tests="16" name="Surefire test" time="87.669" errors="0" timestamp="2026-09-19T19:05:29 EEST">
  <testcase classname="Tests.BusSearchResultsTest" name="loginTest" time="4.61"/>
  <testcase classname="Tests.BusSearchResultsTest" name="searchTripTest" time="2.479"/>
  <testcase classname="Tests.CreditCardPaymentMethodTest" name="loginTest" time="4.338"/>
  <testcase classname="Tests.CreditCardPaymentMethodTest" name="searchTripTest" time="1.826"/>
  <testcase classname="Tests.CreditCardPaymentMethodTest" name="seatSelectionTest" time="3.013"/>
  <testcase classname="Tests.CreditCardPaymentMethodTest" name="creditCardPaymentMethodTest" time="5.086"/>
  <testcase classname="Tests.LoginTest" name="inValidLoginTest" time="4.482"/>
  <testcase classname="Tests.LoginTest" name="validLoginTest" time="4.506"/>
  <testcase classname="Tests.RegisterTest" name="registerTest" time="12.449">
    <failure type="org.openqa.selenium.TimeoutException" message="Expected condition failed: waiting for element found by By.xpath: //a[text()=&amp;apos;Register&amp;apos;] to be clickable, but the element was not found: org.openqa.selenium.NoSuchElementException: no such element: Unable to locate element: {&amp;quot;method&amp;quot;:&amp;quot;xpath&amp;quot;,&amp;quot;selector&amp;quot;:&amp;quot;//a[text()=&amp;apos;Register&amp;apos;]&amp;quot;}.
(tried for 10 seconds with 500 milliseconds interval)
Build info: version: &amp;apos;4.45.0&amp;apos;, revision: &amp;apos;cd6a3cd cd6a3cdfca6970f62e5bc8344109d0fe0e2af05e&amp;apos;
System info: os.name: &amp;apos;Windows 11&amp;apos;, os.arch: &amp;apos;amd64&amp;apos;, os.version: &amp;apos;10.0&amp;apos;, java.version: &amp;apos;21.0.9&amp;apos;
Driver info: org.openqa.selenium.chrome.ChromeDriver
Capabilities {acceptInsecureCerts: false, browserName: chrome, browserVersion: 153.0.8010.52, chrome: {chromedriverVersion: 153.0.8010.52 (78e5e45d4bb4..., userDataDir: C:\WINDOWS\SystemTemp\scope...}, fedcm:accounts: true, goog:chromeOptions: {debuggerAddress: localhost:63095}, goog:processID: 23104, networkConnectionEnabled: false, pageLoadStrategy: eager, platformName: windows, proxy: Proxy(), se:cdp: ws://localhost:63095/devtoo..., se:cdpVersion: 153.0.8010.52, setWindowRect: true, strictFileInteractability: false, timeouts: {implicit: 0, pageLoad: 300000, script: 30000}, unhandledPromptBehavior: dismiss and notify, webauthn:extension:cmtgKey: true, webauthn:extension:credBlob: true, webauthn:extension:largeBlob: true, webauthn:extension:minPinLength: true, webauthn:extension:prf: true, webauthn:virtualAuthenticators: true}
Session ID: 120ef062947e06dcf48463732ae88d03">
      <![CDATA[org.openqa.selenium.TimeoutException: Expected condition failed: waiting for element found by By.xpath: //a[text()='Register'] to be clickable, but the element was not found: org.openqa.selenium.NoSuchElementException: no such element: Unable to locate element: {"method":"xpath","selector":"//a[text()='Register']"}.
(tried for 10 seconds with 500 milliseconds interval)
Build info: version: '4.45.0', revision: 'cd6a3cd cd6a3cdfca6970f62e5bc8344109d0fe0e2af05e'
System info: os.name: 'Windows 11', os.arch: 'amd64', os.version: '10.0', java.version: '21.0.9'
Driver info: org.openqa.selenium.chrome.ChromeDriver
Capabilities {acceptInsecureCerts: false, browserName: chrome, browserVersion: 153.0.8010.52, chrome: {chromedriverVersion: 153.0.8010.52 (78e5e45d4bb4..., userDataDir: C:\WINDOWS\SystemTemp\scope...}, fedcm:accounts: true, goog:chromeOptions: {debuggerAddress: localhost:63095}, goog:processID: 23104, networkConnectionEnabled: false, pageLoadStrategy: eager, platformName: windows, proxy: Proxy(), se:cdp: ws://localhost:63095/devtoo..., se:cdpVersion: 153.0.8010.52, setWindowRect: true, strictFileInteractability: false, timeouts: {implicit: 0, pageLoad: 300000, script: 30000}, unhandledPromptBehavior: dismiss and notify, webauthn:extension:cmtgKey: true, webauthn:extension:credBlob: true, webauthn:extension:largeBlob: true, webauthn:extension:minPinLength: true, webauthn:extension:prf: true, webauthn:virtualAuthenticators: true}
Session ID: 120ef062947e06dcf48463732ae88d03
at org.openqa.selenium.support.ui.WebDriverWait.timeoutException(WebDriverWait.java:85)
at org.openqa.selenium.support.ui.FluentWait.until(FluentWait.java:234)
at utils.WaitUtils.waitForElementToBeClickable(WaitUtils.java:21)
at pages.LoginPage.clickRegisterBtn(LoginPage.java:37)
at Tests.RegisterTest.registerTest(RegisterTest.java:28)
at java.base/java.util.ArrayList.forEach(ArrayList.java:1596)
... Removed 30 stack frames]]>
    </failure>
  </testcase> <!-- registerTest -->
  <testcase classname="Tests.SeatSelectionTest" name="loginTest" time="5.171"/>
  <testcase classname="Tests.SeatSelectionTest" name="searchTripTest" time="2.217"/>
  <testcase classname="Tests.SeatSelectionTest" name="seatSelectionTest" time="2.505"/>
  <testcase classname="Tests.WalletPaymentMethodTest" name="loginTest" time="4.844"/>
  <testcase classname="Tests.WalletPaymentMethodTest" name="searchTripTest" time="1.831"/>
  <testcase classname="Tests.WalletPaymentMethodTest" name="seatSelectionTest" time="3.481"/>
  <testcase classname="Tests.WalletPaymentMethodTest" name="walletPaymentMethodTest" time="1.305"/>
</testsuite> <!-- Surefire test -->
