<?xml version="1.0" encoding="UTF-8"?>
<testng-results ignored="0" total="16" passed="15" failed="1" skipped="0">
  <reporter-output>
  </reporter-output>
  <suite started-at="2026-09-19T19:04:02 EEST" name="Surefire suite" finished-at="2026-09-19T19:05:29 EEST" duration-ms="87669">
    <groups>
    </groups>
    <test started-at="2026-09-19T19:04:02 EEST" name="Surefire test" finished-at="2026-09-19T19:05:29 EEST" duration-ms="87669">
      <class name="Tests.RegisterTest">
        <test-method is-config="true" signature="precondition()[pri:0, instance:Tests.RegisterTest@57adfab0]" started-at="2026-09-19T19:04:44 EEST" name="precondition" finished-at="2026-09-19T19:04:46 EEST" duration-ms="1630" status="PASS">
          <reporter-output>
          </reporter-output>
        </test-method> <!-- precondition -->
        <test-method signature="registerTest()[pri:0, instance:Tests.RegisterTest@57adfab0]" started-at="2026-09-19T19:04:46 EEST" name="registerTest" finished-at="2026-09-19T19:04:59 EEST" duration-ms="12449" status="FAIL">
          <exception class="org.openqa.selenium.TimeoutException">
            <message>
              <![CDATA[Expected condition failed: waiting for element found by By.xpath: //a[text()='Register'] to be clickable, but the element was not found: org.openqa.selenium.NoSuchElementException: no such element: Unable to locate element: {"method":"xpath","selector":"//a[text()='Register']"}.
(tried for 10 seconds with 500 milliseconds interval)
Build info: version: '4.45.0', revision: 'cd6a3cd cd6a3cdfca6970f62e5bc8344109d0fe0e2af05e'
System info: os.name: 'Windows 11', os.arch: 'amd64', os.version: '10.0', java.version: '21.0.9'
Driver info: org.openqa.selenium.chrome.ChromeDriver
Capabilities {acceptInsecureCerts: false, browserName: chrome, browserVersion: 153.0.8010.52, chrome: {chromedriverVersion: 153.0.8010.52 (78e5e45d4bb4..., userDataDir: C:\WINDOWS\SystemTemp\scope...}, fedcm:accounts: true, goog:chromeOptions: {debuggerAddress: localhost:63095}, goog:processID: 23104, networkConnectionEnabled: false, pageLoadStrategy: eager, platformName: windows, proxy: Proxy(), se:cdp: ws://localhost:63095/devtoo..., se:cdpVersion: 153.0.8010.52, setWindowRect: true, strictFileInteractability: false, timeouts: {implicit: 0, pageLoad: 300000, script: 30000}, unhandledPromptBehavior: dismiss and notify, webauthn:extension:cmtgKey: true, webauthn:extension:credBlob: true, webauthn:extension:largeBlob: true, webauthn:extension:minPinLength: true, webauthn:extension:prf: true, webauthn:virtualAuthenticators: true}
Session ID: 120ef062947e06dcf48463732ae88d03]]>
            </message>
            <full-stacktrace>
              <![CDATA[org.openqa.selenium.TimeoutException: Expected condition failed: waiting for element found by By.xpath: //a[text()='Register'] to be clickable, but the element was not found: org.openqa.selenium.NoSuchElementException: no such element: Unable to locate element: {"method":"xpath","selector":"//a[text()='Register']"}.
(tried for 10 seconds with 500 milliseconds interval)
Build info: version: '4.45.0', revision: 'cd6a3cd cd6a3cdfca6970f62e5bc8344109d0fe0e2af05e'
System info: os.name: 'Windows 11', os.arch: 'amd64', os.version: '10.0', java.version: '21.0.9'
Driver info: org.openqa.selenium.chrome.ChromeDriver
Capabilities {acceptInsecureCerts: false, browserName: chrome, browserVersion: 153.0.8010.52, chrome: {chromedriverVersion: 153.0.8010.52 (78e5e45d4bb4..., userDataDir: C:\WINDOWS\SystemTemp\scope...}, fedcm:accounts: true, goog:chromeOptions: {debuggerAddress: localhost:63095}, goog:processID: 23104, networkConnectionEnabled: false, pageLoadStrategy: eager, platformName: windows, proxy: Proxy(), se:cdp: ws://localhost:63095/devtoo..., se:cdpVersion: 153.0.8010.52, setWindowRect: true, strictFileInteractability: false, timeouts: {implicit: 0, pageLoad: 300000, script: 30000}, unhandledPromptBehavior: dismiss and notify, webauthn:extension:cmtgKey: true, webauthn:extension:credBlob: true, webauthn:extension:largeBlob: true, webauthn:extension:minPinLength: true, webauthn:extension:prf: true, webauthn:virtualAuthenticators: true}
Session ID: 120ef062947e06dcf48463732ae88d03
at org.openqa.selenium.support.ui.WebDriverWait.timeoutException(WebDriverWait.java:85)
at org.openqa.selenium.support.ui.FluentWait.until(FluentWait.java:234)
at utils.WaitUtils.waitForElementToBeClickable(WaitUtils.java:21)
at pages.LoginPage.clickRegisterBtn(LoginPage.java:37)
at Tests.RegisterTest.registerTest(RegisterTest.java:28)
at java.base/jdk.internal.reflect.DirectMethodHandleAccessor.invoke(DirectMethodHandleAccessor.java:103)
at java.base/java.lang.reflect.Method.invoke(Method.java:580)
at org.testng.internal.invokers.MethodInvocationHelper.invokeMethod(MethodInvocationHelper.java:141)
at org.testng.internal.invokers.TestInvoker.invokeMethod(TestInvoker.java:697)
at org.testng.internal.invokers.TestInvoker.invokeTestMethod(TestInvoker.java:230)
at org.testng.internal.invokers.MethodRunner.runInSequence(MethodRunner.java:63)
at org.testng.internal.invokers.TestInvoker$MethodInvocationAgent.invoke(TestInvoker.java:1005)
at org.testng.internal.invokers.TestInvoker.invokeTestMethods(TestInvoker.java:203)
at org.testng.internal.invokers.TestMethodWorker.invokeTestMethods(TestMethodWorker.java:154)
at org.testng.internal.invokers.TestMethodWorker.run(TestMethodWorker.java:134)
at java.base/java.util.ArrayList.forEach(ArrayList.java:1596)
at org.testng.TestRunner.privateRun(TestRunner.java:744)
at org.testng.TestRunner.run(TestRunner.java:616)
at org.testng.SuiteRunner.runTest(SuiteRunner.java:421)
at org.testng.SuiteRunner.runSequentially(SuiteRunner.java:413)
at org.testng.SuiteRunner.privateRun(SuiteRunner.java:373)
at org.testng.SuiteRunner.run(SuiteRunner.java:312)
at org.testng.SuiteRunnerWorker.runSuite(SuiteRunnerWorker.java:52)
at org.testng.SuiteRunnerWorker.run(SuiteRunnerWorker.java:95)
at org.testng.TestNG.runSuitesSequentially(TestNG.java:1274)
at org.testng.TestNG.runSuitesLocally(TestNG.java:1208)
at org.testng.TestNG.runSuites(TestNG.java:1112)
at org.testng.TestNG.run(TestNG.java:1079)
at org.apache.maven.surefire.testng.TestNGExecutor.run(TestNGExecutor.java:155)
at org.apache.maven.surefire.testng.TestNGDirectoryTestSuite.executeMulti(TestNGDirectoryTestSuite.java:169)
at org.apache.maven.surefire.testng.TestNGDirectoryTestSuite.execute(TestNGDirectoryTestSuite.java:88)
at org.apache.maven.surefire.testng.TestNGProvider.invoke(TestNGProvider.java:137)
at org.apache.maven.surefire.booter.ForkedBooter.runSuitesInProcess(ForkedBooter.java:385)
at org.apache.maven.surefire.booter.ForkedBooter.execute(ForkedBooter.java:162)
at org.apache.maven.surefire.booter.ForkedBooter.run(ForkedBooter.java:507)
at org.apache.maven.surefire.booter.ForkedBooter.main(ForkedBooter.java:495)
]]>
            </full-stacktrace>
          </exception> <!-- org.openqa.selenium.TimeoutException -->
          <reporter-output>
          </reporter-output>
        </test-method> <!-- registerTest -->
        <test-method is-config="true" signature="tearDown()[pri:0, instance:Tests.RegisterTest@57adfab0]" started-at="2026-09-19T19:04:59 EEST" name="tearDown" finished-at="2026-09-19T19:04:59 EEST" duration-ms="321" status="PASS">
          <reporter-output>
          </reporter-output>
        </test-method> <!-- tearDown -->
      </class> <!-- Tests.RegisterTest -->
      <class name="Tests.BusSearchResultsTest">
        <test-method is-config="true" signature="precondition()[pri:0, instance:Tests.BusSearchResultsTest@141e879d]" started-at="2026-09-19T19:04:02 EEST" name="precondition" finished-at="2026-09-19T19:04:04 EEST" duration-ms="2664" status="PASS">
          <reporter-output>
          </reporter-output>
        </test-method> <!-- precondition -->
        <test-method signature="loginTest()[pri:0, instance:Tests.BusSearchResultsTest@141e879d]" started-at="2026-09-19T19:04:04 EEST" name="loginTest" finished-at="2026-09-19T19:04:09 EEST" duration-ms="4610" status="PASS">
          <reporter-output>
          </reporter-output>
        </test-method> <!-- loginTest -->
        <test-method signature="searchTripTest()[pri:0, instance:Tests.BusSearchResultsTest@141e879d]" started-at="2026-09-19T19:04:09 EEST" name="searchTripTest" finished-at="2026-09-19T19:04:12 EEST" depends-on-methods="Tests.BusSearchResultsTest.loginTest" duration-ms="2479" status="PASS">
          <reporter-output>
          </reporter-output>
        </test-method> <!-- searchTripTest -->
        <test-method is-config="true" signature="tearDown()[pri:0, instance:Tests.BusSearchResultsTest@141e879d]" started-at="2026-09-19T19:04:12 EEST" name="tearDown" finished-at="2026-09-19T19:04:13 EEST" duration-ms="420" status="PASS">
          <reporter-output>
          </reporter-output>
        </test-method> <!-- tearDown -->
      </class> <!-- Tests.BusSearchResultsTest -->
      <class name="Tests.WalletPaymentMethodTest">
        <test-method is-config="true" signature="precondition()[pri:0, instance:Tests.WalletPaymentMethodTest@5af97169]" started-at="2026-09-19T19:05:12 EEST" name="precondition" finished-at="2026-09-19T19:05:16 EEST" duration-ms="3708" status="PASS">
          <reporter-output>
          </reporter-output>
        </test-method> <!-- precondition -->
        <test-method signature="loginTest()[pri:0, instance:Tests.WalletPaymentMethodTest@5af97169]" started-at="2026-09-19T19:05:16 EEST" name="loginTest" finished-at="2026-09-19T19:05:21 EEST" duration-ms="4844" status="PASS">
          <reporter-output>
          </reporter-output>
        </test-method> <!-- loginTest -->
        <test-method signature="searchTripTest()[pri:0, instance:Tests.WalletPaymentMethodTest@5af97169]" started-at="2026-09-19T19:05:21 EEST" name="searchTripTest" finished-at="2026-09-19T19:05:23 EEST" depends-on-methods="Tests.WalletPaymentMethodTest.loginTest" duration-ms="1831" status="PASS">
          <reporter-output>
          </reporter-output>
        </test-method> <!-- searchTripTest -->
        <test-method signature="seatSelectionTest()[pri:0, instance:Tests.WalletPaymentMethodTest@5af97169]" started-at="2026-09-19T19:05:23 EEST" name="seatSelectionTest" finished-at="2026-09-19T19:05:27 EEST" depends-on-methods="Tests.WalletPaymentMethodTest.searchTripTest, Tests.WalletPaymentMethodTest.loginTest" duration-ms="3481" status="PASS">
          <reporter-output>
          </reporter-output>
        </test-method> <!-- seatSelectionTest -->
        <test-method signature="walletPaymentMethodTest()[pri:0, instance:Tests.WalletPaymentMethodTest@5af97169]" started-at="2026-09-19T19:05:27 EEST" name="walletPaymentMethodTest" finished-at="2026-09-19T19:05:28 EEST" depends-on-methods="Tests.WalletPaymentMethodTest.seatSelectionTest, Tests.WalletPaymentMethodTest.searchTripTest, Tests.WalletPaymentMethodTest.loginTest" duration-ms="1305" status="PASS">
          <reporter-output>
          </reporter-output>
        </test-method> <!-- walletPaymentMethodTest -->
        <test-method is-config="true" signature="tearDown()[pri:0, instance:Tests.WalletPaymentMethodTest@5af97169]" started-at="2026-09-19T19:05:28 EEST" name="tearDown" finished-at="2026-09-19T19:05:29 EEST" duration-ms="985" status="PASS">
          <reporter-output>
          </reporter-output>
        </test-method> <!-- tearDown -->
      </class> <!-- Tests.WalletPaymentMethodTest -->
      <class name="Tests.SeatSelectionTest">
        <test-method is-config="true" signature="precondition()[pri:0, instance:Tests.SeatSelectionTest@1949309d]" started-at="2026-09-19T19:04:59 EEST" name="precondition" finished-at="2026-09-19T19:05:01 EEST" duration-ms="1680" status="PASS">
          <reporter-output>
          </reporter-output>
        </test-method> <!-- precondition -->
        <test-method signature="loginTest()[pri:0, instance:Tests.SeatSelectionTest@1949309d]" started-at="2026-09-19T19:05:01 EEST" name="loginTest" finished-at="2026-09-19T19:05:06 EEST" duration-ms="5171" status="PASS">
          <reporter-output>
          </reporter-output>
        </test-method> <!-- loginTest -->
        <test-method signature="searchTripTest()[pri:0, instance:Tests.SeatSelectionTest@1949309d]" started-at="2026-09-19T19:05:06 EEST" name="searchTripTest" finished-at="2026-09-19T19:05:08 EEST" depends-on-methods="Tests.SeatSelectionTest.loginTest" duration-ms="2217" status="PASS">
          <reporter-output>
          </reporter-output>
        </test-method> <!-- searchTripTest -->
        <test-method signature="seatSelectionTest()[pri:0, instance:Tests.SeatSelectionTest@1949309d]" started-at="2026-09-19T19:05:09 EEST" name="seatSelectionTest" finished-at="2026-09-19T19:05:11 EEST" depends-on-methods="Tests.SeatSelectionTest.searchTripTest, Tests.SeatSelectionTest.loginTest" duration-ms="2505" status="PASS">
          <reporter-output>
          </reporter-output>
        </test-method> <!-- seatSelectionTest -->
        <test-method is-config="true" signature="tearDown()[pri:0, instance:Tests.SeatSelectionTest@1949309d]" started-at="2026-09-19T19:05:12 EEST" name="tearDown" finished-at="2026-09-19T19:05:12 EEST" duration-ms="339" status="PASS">
          <reporter-output>
          </reporter-output>
        </test-method> <!-- tearDown -->
      </class> <!-- Tests.SeatSelectionTest -->
      <class name="Tests.CreditCardPaymentMethodTest">
        <test-method is-config="true" signature="precondition()[pri:0, instance:Tests.CreditCardPaymentMethodTest@257cc1fc]" started-at="2026-09-19T19:04:13 EEST" name="precondition" finished-at="2026-09-19T19:04:15 EEST" duration-ms="1807" status="PASS">
          <reporter-output>
          </reporter-output>
        </test-method> <!-- precondition -->
        <test-method signature="loginTest()[pri:0, instance:Tests.CreditCardPaymentMethodTest@257cc1fc]" started-at="2026-09-19T19:04:15 EEST" name="loginTest" finished-at="2026-09-19T19:04:19 EEST" duration-ms="4338" status="PASS">
          <reporter-output>
          </reporter-output>
        </test-method> <!-- loginTest -->
        <test-method signature="searchTripTest()[pri:0, instance:Tests.CreditCardPaymentMethodTest@257cc1fc]" started-at="2026-09-19T19:04:19 EEST" name="searchTripTest" finished-at="2026-09-19T19:04:21 EEST" depends-on-methods="Tests.CreditCardPaymentMethodTest.loginTest" duration-ms="1826" status="PASS">
          <reporter-output>
          </reporter-output>
        </test-method> <!-- searchTripTest -->
        <test-method signature="seatSelectionTest()[pri:0, instance:Tests.CreditCardPaymentMethodTest@257cc1fc]" started-at="2026-09-19T19:04:21 EEST" name="seatSelectionTest" finished-at="2026-09-19T19:04:24 EEST" depends-on-methods="Tests.CreditCardPaymentMethodTest.searchTripTest, Tests.CreditCardPaymentMethodTest.loginTest" duration-ms="3013" status="PASS">
          <reporter-output>
          </reporter-output>
        </test-method> <!-- seatSelectionTest -->
        <test-method signature="creditCardPaymentMethodTest()[pri:0, instance:Tests.CreditCardPaymentMethodTest@257cc1fc]" started-at="2026-09-19T19:04:25 EEST" name="creditCardPaymentMethodTest" finished-at="2026-09-19T19:04:30 EEST" depends-on-methods="Tests.CreditCardPaymentMethodTest.seatSelectionTest, Tests.CreditCardPaymentMethodTest.searchTripTest, Tests.CreditCardPaymentMethodTest.loginTest" duration-ms="5086" status="PASS">
          <reporter-output>
          </reporter-output>
        </test-method> <!-- creditCardPaymentMethodTest -->
        <test-method is-config="true" signature="tearDown()[pri:0, instance:Tests.CreditCardPaymentMethodTest@257cc1fc]" started-at="2026-09-19T19:04:30 EEST" name="tearDown" finished-at="2026-09-19T19:04:30 EEST" duration-ms="510" status="PASS">
          <reporter-output>
          </reporter-output>
        </test-method> <!-- tearDown -->
      </class> <!-- Tests.CreditCardPaymentMethodTest -->
      <class name="Tests.LoginTest">
        <test-method is-config="true" signature="precondition()[pri:0, instance:Tests.LoginTest@42e22a53]" started-at="2026-09-19T19:04:30 EEST" name="precondition" finished-at="2026-09-19T19:04:30 EEST" duration-ms="2" status="PASS">
          <reporter-output>
          </reporter-output>
        </test-method> <!-- precondition -->
        <test-method is-config="true" signature="setUp()[pri:0, instance:Tests.LoginTest@42e22a53]" started-at="2026-09-19T19:04:30 EEST" name="setUp" finished-at="2026-09-19T19:04:32 EEST" duration-ms="1980" status="PASS">
          <reporter-output>
          </reporter-output>
        </test-method> <!-- setUp -->
        <test-method signature="inValidLoginTest()[pri:0, instance:Tests.LoginTest@42e22a53]" started-at="2026-09-19T19:04:32 EEST" name="inValidLoginTest" finished-at="2026-09-19T19:04:37 EEST" duration-ms="4482" status="PASS">
          <reporter-output>
          </reporter-output>
        </test-method> <!-- inValidLoginTest -->
        <test-method is-config="true" signature="tearDown()[pri:0, instance:Tests.LoginTest@42e22a53]" started-at="2026-09-19T19:04:37 EEST" name="tearDown" finished-at="2026-09-19T19:04:37 EEST" duration-ms="312" status="PASS">
          <reporter-output>
          </reporter-output>
        </test-method> <!-- tearDown -->
        <test-method is-config="true" signature="setUp()[pri:0, instance:Tests.LoginTest@42e22a53]" started-at="2026-09-19T19:04:37 EEST" name="setUp" finished-at="2026-09-19T19:04:39 EEST" duration-ms="1805" status="PASS">
          <reporter-output>
          </reporter-output>
        </test-method> <!-- setUp -->
        <test-method signature="validLoginTest()[pri:0, instance:Tests.LoginTest@42e22a53]" started-at="2026-09-19T19:04:39 EEST" name="validLoginTest" finished-at="2026-09-19T19:04:44 EEST" duration-ms="4506" status="PASS">
          <reporter-output>
          </reporter-output>
        </test-method> <!-- validLoginTest -->
        <test-method is-config="true" signature="tearDown()[pri:0, instance:Tests.LoginTest@42e22a53]" started-at="2026-09-19T19:04:44 EEST" name="tearDown" finished-at="2026-09-19T19:04:44 EEST" duration-ms="340" status="PASS">
          <reporter-output>
          </reporter-output>
        </test-method> <!-- tearDown -->
      </class> <!-- Tests.LoginTest -->
    </test> <!-- Surefire test -->
  </suite> <!-- Surefire suite -->
</testng-results>
