<?xml version="1.0" encoding="UTF-8"?>
<!-- Generated by org.testng.reporters.JUnitReportReporter -->
<testsuite hostname="DESKTOP-SFHPHUE" failures="0" tests="4" name="Tests.WalletPaymentMethodTest" time="11.461" errors="0" timestamp="2026-09-19T19:05:29 EEST" skipped="0">
  <testcase classname="Tests.WalletPaymentMethodTest" name="walletPaymentMethodTest" time="1.305"/>
  <testcase classname="Tests.WalletPaymentMethodTest" name="seatSelectionTest" time="3.481"/>
  <testcase classname="Tests.WalletPaymentMethodTest" name="searchTripTest" time="1.831"/>
  <testcase classname="Tests.WalletPaymentMethodTest" name="loginTest" time="4.844"/>
</testsuite> <!-- Tests.WalletPaymentMethodTest -->
