<?xml version="1.0" encoding="UTF-8"?>
<!-- Generated by org.testng.reporters.JUnitReportReporter -->
<testsuite hostname="DESKTOP-SFHPHUE" failures="0" tests="3" name="Tests.SeatSelectionTest" time="9.893" errors="0" timestamp="2026-09-19T19:05:29 EEST" skipped="0">
  <testcase classname="Tests.SeatSelectionTest" name="seatSelectionTest" time="2.505"/>
  <testcase classname="Tests.SeatSelectionTest" name="loginTest" time="5.171"/>
  <testcase classname="Tests.SeatSelectionTest" name="searchTripTest" time="2.217"/>
</testsuite> <!-- Tests.SeatSelectionTest -->
