<?xml version="1.0" encoding="UTF-8"?>
<!-- Generated by org.testng.reporters.JUnitReportReporter -->
<testsuite hostname="DESKTOP-SFHPHUE" failures="0" tests="4" name="Tests.CreditCardPaymentMethodTest" time="14.263" errors="0" timestamp="2026-09-19T19:05:29 EEST" skipped="0">
  <testcase classname="Tests.CreditCardPaymentMethodTest" name="loginTest" time="4.338"/>
  <testcase classname="Tests.CreditCardPaymentMethodTest" name="searchTripTest" time="1.826"/>
  <testcase classname="Tests.CreditCardPaymentMethodTest" name="creditCardPaymentMethodTest" time="5.086"/>
  <testcase classname="Tests.CreditCardPaymentMethodTest" name="seatSelectionTest" time="3.013"/>
</testsuite> <!-- Tests.CreditCardPaymentMethodTest -->
